0 verbose cli F:\node\node.exe F:\node\node_modules\npm\bin\npm-cli.js
1 info using npm@11.9.0
2 info using node@v24.14.0
3 silly config load:file:F:\node\node_modules\npm\npmrc
4 silly config load:file:F:\HarmonyOs\car\.npmrc
5 silly config load:file:C:\Users\来不及捂手\.npmrc
6 silly config load:file:C:\Users\来不及捂手\AppData\Roaming\npm\etc\npmrc
7 verbose title npm exec @gltf-transform/cli --help
8 verbose argv "exec" "--yes" "--" "@gltf-transform/cli" "--help"
9 verbose logfile logs-max:10 dir:F:\HarmonyOs\car\.npm-cache\_logs\2026-03-19T07_40_10_837Z-
10 verbose logfile F:\HarmonyOs\car\.npm-cache\_logs\2026-03-19T07_40_10_837Z-debug-0.log
11 silly logfile done cleaning log files
12 silly packumentCache heap:4496293888 maxSize:1124073472 maxEntrySize:562036736
13 http fetch GET https://repo.huaweicloud.com/repository/npm/npm attempt 1 failed with EACCES
14 http fetch GET https://repo.huaweicloud.com/repository/npm/@gltf-transform%2fcli attempt 1 failed with EACCES
15 http fetch GET https://repo.huaweicloud.com/repository/npm/npm attempt 2 failed with EACCES
16 http fetch GET https://repo.huaweicloud.com/repository/npm/@gltf-transform%2fcli attempt 2 failed with EACCES
17 http fetch GET https://repo.huaweicloud.com/repository/npm/npm attempt 3 failed with EACCES
18 http fetch GET https://repo.huaweicloud.com/repository/npm/@gltf-transform%2fcli attempt 3 failed with EACCES
19 verbose type system
20 verbose stack FetchError: request to https://repo.huaweicloud.com/repository/npm/@gltf-transform%2fcli failed, reason: 
20 verbose stack     at ClientRequest.<anonymous> (F:\node\node_modules\npm\node_modules\minipass-fetch\lib\index.js:130:14)
20 verbose stack     at ClientRequest.emit (node:events:508:28)
20 verbose stack     at emitErrorEvent (node:_http_client:108:11)
20 verbose stack     at _destroy (node:_http_client:963:9)
20 verbose stack     at onSocketNT (node:_http_client:983:5)
20 verbose stack     at process.processTicksAndRejections (node:internal/process/task_queues:91:21)
21 error code EACCES
22 error errno EACCES
23 error FetchError: request to https://repo.huaweicloud.com/repository/npm/@gltf-transform%2fcli failed, reason: 
23 error     at ClientRequest.<anonymous> (F:\node\node_modules\npm\node_modules\minipass-fetch\lib\index.js:130:14)
23 error     at ClientRequest.emit (node:events:508:28)
23 error     at emitErrorEvent (node:_http_client:108:11)
23 error     at _destroy (node:_http_client:963:9)
23 error     at onSocketNT (node:_http_client:983:5)
23 error     at process.processTicksAndRejections (node:internal/process/task_queues:91:21) {
23 error   code: 'EACCES',
23 error   errno: 'EACCES',
23 error   type: 'system'
23 error }
24 error
24 error The operation was rejected by your operating system.
24 error It's possible that the file was already in use (by a text editor or antivirus),
24 error or that you lack permissions to access it.
24 error
24 error If you believe this might be a permissions issue, please double-check the
24 error permissions of the file and its containing directories, or try running
24 error the command again as root/Administrator.
25 verbose cwd F:\HarmonyOs\car
26 verbose os Windows_NT 10.0.19045
27 verbose node v24.14.0
28 verbose npm  v11.9.0
29 verbose exit 1
30 verbose code 1
31 error A complete log of this run can be found in: F:\HarmonyOs\car\.npm-cache\_logs\2026-03-19T07_40_10_837Z-debug-0.log
